<?xml version="1.0" encoding="UTF-8"?>
<testsuite xmlns:xsi="http://www.w3.org/2001/XMLSchema-instance" xsi:noNamespaceSchemaLocation="https://maven.apache.org/surefire/maven-surefire-plugin/xsd/surefire-test-report-3.0.xsd" version="3.0" name="hu.nye.jatekelmelet.PointTest" time="0.109" tests="4" errors="0" skipped="0" failures="0">
  <properties>
[...]
</properties>
  <testcase name="testWhenTheCurrentPointIsAValidPoint" classname="hu.nye.jatekelmelet.PointTest" time="0.063"/>
  <testcase name="testWhenGivenTheMaximumElement" classname="hu.nye.jatekelmelet.PointTest" time="0.006"/>
  <testcase name="testWhenGivenTheMinimumElement" classname="hu.nye.jatekelmelet.PointTest" time="0.002"/>
  <testcase name="testWhenTheCurrentPointIsNotAValidPoint" classname="hu.nye.jatekelmelet.PointTest" time="0.004"/>
</testsuite>